Using pre-set license
Built from '2020.2/staging' branch; Version is '2020.2.0b7 (1b1252580c64) revision 1774162'; Using compiler version '192528614'; Build Type 'Release'
OS: 'Windows 10  (10.0.0) 64bit' Language: 'en' Physical Memory: 32689 MB
BatchMode: 1, IsHumanControllingUs: 0, StartBugReporterOnCrash: 0, Is64bit: 1, IsPro: 0

 COMMAND LINE ARGUMENTS:
C:\Program Files\Unity\Hub\Editor\2020.2.0b7\Editor\Unity.exe
-adb2
-batchMode
-noUpm
-name
AssetImportWorker1
-projectPath
C:/Users/Nathan/Documents/GitHub/Summer2021
-logFile
Logs/AssetImportWorker1.log
-srvPort
61328
Successfully changed project path to: C:/Users/Nathan/Documents/GitHub/Summer2021
C:/Users/Nathan/Documents/GitHub/Summer2021
Using Asset Import Pipeline V2.
Refreshing native plugins compatible for Editor in 33.96 ms, found 1 plugins.
Preloading 0 native plugins for Editor in 0.00 ms.
Initialize engine version: 2020.2.0b7 (1b1252580c64)
[Subsystems] Discovering subsystems at path C:/Program Files/Unity/Hub/Editor/2020.2.0b7/Editor/Data/Resources/UnitySubsystems
[Subsystems] Discovering subsystems at path C:/Users/Nathan/Documents/GitHub/Summer2021/Assets
GfxDevice: creating device client; threaded=0
Direct3D:
    Version:  Direct3D 11.0 [level 11.1]
    Renderer: AMD Radeon RX 5700 XT (ID=0x731f)
    Vendor:   
    VRAM:     8151 MB
    Driver:   27.20.21002.112
Initialize mono
Mono path[0] = 'C:/Program Files/Unity/Hub/Editor/2020.2.0b7/Editor/Data/Managed'
Mono path[1] = 'C:/Program Files/Unity/Hub/Editor/2020.2.0b7/Editor/Data/MonoBleedingEdge/lib/mono/unityjit'
Mono config path = 'C:/Program Files/Unity/Hub/Editor/2020.2.0b7/Editor/Data/MonoBleedingEdge/etc'
Using monoOptions --debugger-agent=transport=dt_socket,embedding=1,server=y,suspend=n,address=127.0.0.1:56528
Begin MonoManager ReloadAssembly
Registering precompiled unity dll's ...
Register platform support module: C:/Program Files/Unity/Hub/Editor/2020.2.0b7/Editor/Data/PlaybackEngines/WindowsStandaloneSupport/UnityEditor.WindowsStandalone.Extensions.dll
Registered in 0.001458 seconds.
Native extension for WindowsStandalone target not found
Refreshing native plugins compatible for Editor in 33.33 ms, found 1 plugins.
Preloading 0 native plugins for Editor in 0.00 ms.
Invoked RoslynAnalysisRunner static constructor.
RoslynAnalysisRunner will not be running.
RoslynAnalysisRunner has terminated.
Mono: successfully reloaded assembly
- Completed reload, in  1.036 seconds
Platform modules already initialized, skipping
Registering precompiled user dll's ...
Registered in 0.001138 seconds.
Begin MonoManager ReloadAssembly
Symbol file LoadedFromMemory doesn't match image C:\Users\Nathan\Documents\GitHub\Summer2021\Library\PackageCache\com.unity.ext.nunit@1.0.0\net35\unity-custom\nunit.framework.dll
Native extension for WindowsStandalone target not found
Refreshing native plugins compatible for Editor in 33.64 ms, found 1 plugins.
Preloading 0 native plugins for Editor in 0.00 ms.
Invoked RoslynAnalysisRunner static constructor.
RoslynAnalysisRunner will not be running.
RoslynAnalysisRunner has terminated.
Mono: successfully reloaded assembly
- Completed reload, in  0.758 seconds
Platform modules already initialized, skipping
========================================================================
Worker process is ready to serve import requests
Launched and connected shader compiler UnityShaderCompiler.exe after 0.03 seconds
Refreshing native plugins compatible for Editor in 0.36 ms, found 1 plugins.
Preloading 0 native plugins for Editor in 0.00 ms.
Unloading 1813 Unused Serialized files (Serialized files now loaded: 0)
System memory in use before: 87.1 MB.
System memory in use after: 87.2 MB.

Unloading 19 unused Assets to reduce memory usage. Loaded Objects now: 2257.
Total: 2.160400 ms (FindLiveObjects: 0.380700 ms CreateObjectMapping: 0.042100 ms MarkObjects: 1.683400 ms  DeleteObjects: 0.052700 ms)

========================================================================
Received Import Request.
  path: Assets/Scripts/Chemical.cs
  artifactKey: Guid(233622dc0446f3d4a90913745baa9390) Importer(815301076,1909f56bfc062723c751e8b465ee728b)
Start importing Assets/Scripts/Chemical.cs using Guid(233622dc0446f3d4a90913745baa9390) Importer(815301076,1909f56bfc062723c751e8b465ee728b)  -> (artifact id: 'cfd7ff820c36a42723c894bcd51bf341') in 0.020905 seconds
  Import took 0.023977 seconds .

========================================================================
Received Import Request.
  Time since last request: 0.000204 seconds.
  path: Assets/Scripts/ChemicalRotateButton.cs
  artifactKey: Guid(081519c71e139ad4eb9a8f45afa1fc1d) Importer(815301076,1909f56bfc062723c751e8b465ee728b)
Start importing Assets/Scripts/ChemicalRotateButton.cs using Guid(081519c71e139ad4eb9a8f45afa1fc1d) Importer(815301076,1909f56bfc062723c751e8b465ee728b)  -> (artifact id: '2a4db64d8c11ca477e538f42de2de011') in 0.001373 seconds
  Import took 0.004466 seconds .

========================================================================
Received Import Request.
  Time since last request: 31.851712 seconds.
  path: Assets/Scripts/ChemicalRotateButton.cs
  artifactKey: Guid(081519c71e139ad4eb9a8f45afa1fc1d) Importer(815301076,1909f56bfc062723c751e8b465ee728b)
Start importing Assets/Scripts/ChemicalRotateButton.cs using Guid(081519c71e139ad4eb9a8f45afa1fc1d) Importer(815301076,1909f56bfc062723c751e8b465ee728b)  -> (artifact id: '92e4a242dee68df4669bf852813ab762') in 0.001713 seconds
  Import took 0.007175 seconds .

========================================================================
Received Import Request.
  Time since last request: 17.931482 seconds.
  path: Assets/Scripts/Chemical.cs
  artifactKey: Guid(233622dc0446f3d4a90913745baa9390) Importer(815301076,1909f56bfc062723c751e8b465ee728b)
Start importing Assets/Scripts/Chemical.cs using Guid(233622dc0446f3d4a90913745baa9390) Importer(815301076,1909f56bfc062723c751e8b465ee728b)  -> (artifact id: '0b6bc37f07dbb06985a2545383dfaacc') in 0.001868 seconds
  Import took 0.008550 seconds .

========================================================================
Received Import Request.
  Time since last request: 7.933563 seconds.
  path: Assets/Scripts/Chemical.cs
  artifactKey: Guid(233622dc0446f3d4a90913745baa9390) Importer(815301076,1909f56bfc062723c751e8b465ee728b)
Start importing Assets/Scripts/Chemical.cs using Guid(233622dc0446f3d4a90913745baa9390) Importer(815301076,1909f56bfc062723c751e8b465ee728b)  -> (artifact id: 'edc76f1dae9accb4ed82681f91c46f00') in 0.001821 seconds
  Import took 0.005149 seconds .

