Using pre-set license
Built from '2020.2/staging' branch; Version is '2020.2.0b7 (1b1252580c64) revision 1774162'; Using compiler version '192528614'; Build Type 'Release'
OS: 'Windows 10  (10.0.0) 64bit' Language: 'en' Physical Memory: 8141 MB
BatchMode: 1, IsHumanControllingUs: 0, StartBugReporterOnCrash: 0, Is64bit: 1, IsPro: 0

 COMMAND LINE ARGUMENTS:
C:\Program Files\Unity\Hub\Editor\2020.2.0b7\Editor\Unity.exe
-adb2
-batchMode
-noUpm
-name
AssetImportWorker0
-projectPath
E:/My Stuff/Games/Summer2021
-logFile
Logs/AssetImportWorker0.log
-srvPort
58773
Successfully changed project path to: E:/My Stuff/Games/Summer2021
E:/My Stuff/Games/Summer2021
Using Asset Import Pipeline V2.
Refreshing native plugins compatible for Editor in 35.39 ms, found 1 plugins.
Preloading 0 native plugins for Editor in 0.00 ms.
Initialize engine version: 2020.2.0b7 (1b1252580c64)
[Subsystems] Discovering subsystems at path C:/Program Files/Unity/Hub/Editor/2020.2.0b7/Editor/Data/Resources/UnitySubsystems
[Subsystems] Discovering subsystems at path E:/My Stuff/Games/Summer2021/Assets
GfxDevice: creating device client; threaded=0
Direct3D:
    Version:  Direct3D 11.0 [level 11.1]
    Renderer: NVIDIA GeForce GTX 1660 Ti (ID=0x2182)
    Vendor:   
    VRAM:     5991 MB
    Driver:   27.21.14.5671
Initialize mono
Mono path[0] = 'C:/Program Files/Unity/Hub/Editor/2020.2.0b7/Editor/Data/Managed'
Mono path[1] = 'C:/Program Files/Unity/Hub/Editor/2020.2.0b7/Editor/Data/MonoBleedingEdge/lib/mono/unityjit'
Mono config path = 'C:/Program Files/Unity/Hub/Editor/2020.2.0b7/Editor/Data/MonoBleedingEdge/etc'
Using monoOptions --debugger-agent=transport=dt_socket,embedding=1,server=y,suspend=n,address=127.0.0.1:56624
Begin MonoManager ReloadAssembly
Registering precompiled unity dll's ...
Register platform support module: C:/Program Files/Unity/Hub/Editor/2020.2.0b7/Editor/Data/PlaybackEngines/WindowsStandaloneSupport/UnityEditor.WindowsStandalone.Extensions.dll
Registered in 0.001444 seconds.
Native extension for WindowsStandalone target not found
Refreshing native plugins compatible for Editor in 35.17 ms, found 1 plugins.
Preloading 0 native plugins for Editor in 0.00 ms.
Invoked RoslynAnalysisRunner static constructor.
RoslynAnalysisRunner will not be running.
RoslynAnalysisRunner has terminated.
Mono: successfully reloaded assembly
- Completed reload, in  0.858 seconds
Platform modules already initialized, skipping
Registering precompiled user dll's ...
Registered in 0.000698 seconds.
Begin MonoManager ReloadAssembly
Symbol file LoadedFromMemory doesn't match image E:\My Stuff\Games\Summer2021\Library\PackageCache\com.unity.ext.nunit@1.0.0\net35\unity-custom\nunit.framework.dll
Native extension for WindowsStandalone target not found
Refreshing native plugins compatible for Editor in 33.64 ms, found 1 plugins.
Preloading 0 native plugins for Editor in 0.00 ms.
Invoked RoslynAnalysisRunner static constructor.
RoslynAnalysisRunner will not be running.
RoslynAnalysisRunner has terminated.
Mono: successfully reloaded assembly
- Completed reload, in  0.782 seconds
Platform modules already initialized, skipping
========================================================================
Worker process is ready to serve import requests
Launched and connected shader compiler UnityShaderCompiler.exe after 0.02 seconds
Refreshing native plugins compatible for Editor in 0.43 ms, found 1 plugins.
Preloading 0 native plugins for Editor in 0.00 ms.
Unloading 1811 Unused Serialized files (Serialized files now loaded: 0)
System memory in use before: 87.6 MB.
System memory in use after: 87.6 MB.

Unloading 24 unused Assets to reduce memory usage. Loaded Objects now: 2253.
Total: 2.229300 ms (FindLiveObjects: 0.464200 ms CreateObjectMapping: 0.044600 ms MarkObjects: 1.613000 ms  DeleteObjects: 0.106600 ms)

========================================================================
Received Import Request.
  path: Assets/Animation/Controllers/TestTimeline.playable
  artifactKey: Guid(fafb1c576ad346649997599451272aac) Importer(815301076,1909f56bfc062723c751e8b465ee728b)
Start importing Assets/Animation/Controllers/TestTimeline.playable using Guid(fafb1c576ad346649997599451272aac) Importer(815301076,1909f56bfc062723c751e8b465ee728b)  -> (artifact id: 'dbe6d2f9ed5f1a6a04de751a1218aa94') in 0.044202 seconds
  Import took 0.047861 seconds .

========================================================================
Received Import Request.
  Time since last request: 0.594966 seconds.
  path: Assets/Scenes/TimelineTest.unity
  artifactKey: Guid(0d54df3ce58e8464aaf657f43db505e0) Importer(815301076,1909f56bfc062723c751e8b465ee728b)
Start importing Assets/Scenes/TimelineTest.unity using Guid(0d54df3ce58e8464aaf657f43db505e0) Importer(815301076,1909f56bfc062723c751e8b465ee728b)  -> (artifact id: 'fc22fe690ac4e33fbce545a2b9175ece') in 0.007135 seconds
  Import took 0.011484 seconds .

========================================================================
Received Import Request.
  Time since last request: 0.000395 seconds.
  path: Assets/Scenes/TimelineTest.unity
  artifactKey: Guid(0d54df3ce58e8464aaf657f43db505e0) Importer(815301076,1909f56bfc062723c751e8b465ee728b)
Start importing Assets/Scenes/TimelineTest.unity using Guid(0d54df3ce58e8464aaf657f43db505e0) Importer(815301076,1909f56bfc062723c751e8b465ee728b)  -> (artifact id: 'fc22fe690ac4e33fbce545a2b9175ece') in 0.002036 seconds
  Import took 0.005460 seconds .

AssetImportWorkerClient::OnTransportError - code=2 error=End of file
