Using pre-set license
Built from '2020.2/staging' branch; Version is '2020.2.0b7 (1b1252580c64) revision 1774162'; Using compiler version '192528614'; Build Type 'Release'
OS: 'Windows 10  (10.0.0) 64bit' Language: 'en' Physical Memory: 8141 MB
BatchMode: 1, IsHumanControllingUs: 0, StartBugReporterOnCrash: 0, Is64bit: 1, IsPro: 0

 COMMAND LINE ARGUMENTS:
C:\Program Files\Unity\Hub\Editor\2020.2.0b7\Editor\Unity.exe
-adb2
-batchMode
-noUpm
-name
AssetImportWorker1
-projectPath
E:/My Stuff/Games/Summer2021
-logFile
Logs/AssetImportWorker1.log
-srvPort
50652
Successfully changed project path to: E:/My Stuff/Games/Summer2021
E:/My Stuff/Games/Summer2021
Using Asset Import Pipeline V2.
Refreshing native plugins compatible for Editor in 33.85 ms, found 1 plugins.
Preloading 0 native plugins for Editor in 0.00 ms.
Initialize engine version: 2020.2.0b7 (1b1252580c64)
[Subsystems] Discovering subsystems at path C:/Program Files/Unity/Hub/Editor/2020.2.0b7/Editor/Data/Resources/UnitySubsystems
[Subsystems] Discovering subsystems at path E:/My Stuff/Games/Summer2021/Assets
GfxDevice: creating device client; threaded=0
Direct3D:
    Version:  Direct3D 11.0 [level 11.1]
    Renderer: NVIDIA GeForce GTX 1660 Ti (ID=0x2182)
    Vendor:   
    VRAM:     5991 MB
    Driver:   27.21.14.5671
Initialize mono
Mono path[0] = 'C:/Program Files/Unity/Hub/Editor/2020.2.0b7/Editor/Data/Managed'
Mono path[1] = 'C:/Program Files/Unity/Hub/Editor/2020.2.0b7/Editor/Data/MonoBleedingEdge/lib/mono/unityjit'
Mono config path = 'C:/Program Files/Unity/Hub/Editor/2020.2.0b7/Editor/Data/MonoBleedingEdge/etc'
Using monoOptions --debugger-agent=transport=dt_socket,embedding=1,server=y,suspend=n,address=127.0.0.1:56888
Begin MonoManager ReloadAssembly
Registering precompiled unity dll's ...
Register platform support module: C:/Program Files/Unity/Hub/Editor/2020.2.0b7/Editor/Data/PlaybackEngines/WindowsStandaloneSupport/UnityEditor.WindowsStandalone.Extensions.dll
Registered in 0.001467 seconds.
Native extension for WindowsStandalone target not found
Refreshing native plugins compatible for Editor in 33.79 ms, found 1 plugins.
Preloading 0 native plugins for Editor in 0.00 ms.
Invoked RoslynAnalysisRunner static constructor.
RoslynAnalysisRunner will not be running.
RoslynAnalysisRunner has terminated.
Mono: successfully reloaded assembly
- Completed reload, in  0.986 seconds
Platform modules already initialized, skipping
Registering precompiled user dll's ...
Registered in 0.000975 seconds.
Begin MonoManager ReloadAssembly
Symbol file LoadedFromMemory doesn't match image E:\My Stuff\Games\Summer2021\Library\PackageCache\com.unity.ext.nunit@1.0.0\net35\unity-custom\nunit.framework.dll
Native extension for WindowsStandalone target not found
Refreshing native plugins compatible for Editor in 41.47 ms, found 1 plugins.
Preloading 0 native plugins for Editor in 0.00 ms.
Invoked RoslynAnalysisRunner static constructor.
RoslynAnalysisRunner will not be running.
RoslynAnalysisRunner has terminated.
Mono: successfully reloaded assembly
- Completed reload, in  0.847 seconds
Platform modules already initialized, skipping
========================================================================
Worker process is ready to serve import requests
Launched and connected shader compiler UnityShaderCompiler.exe after 0.03 seconds
Refreshing native plugins compatible for Editor in 0.47 ms, found 1 plugins.
Preloading 0 native plugins for Editor in 0.00 ms.
Unloading 1812 Unused Serialized files (Serialized files now loaded: 0)
System memory in use before: 87.1 MB.
System memory in use after: 87.2 MB.

Unloading 19 unused Assets to reduce memory usage. Loaded Objects now: 2256.
Total: 2.336800 ms (FindLiveObjects: 0.601200 ms CreateObjectMapping: 0.045500 ms MarkObjects: 1.634400 ms  DeleteObjects: 0.054500 ms)

========================================================================
Received Import Request.
  path: Assets/Animation/Controllers/DialogueTrackMixer.cs
  artifactKey: Guid(1bfe002b7ef73e34fb17ea7de295fa79) Importer(815301076,1909f56bfc062723c751e8b465ee728b)
Start importing Assets/Animation/Controllers/DialogueTrackMixer.cs using Guid(1bfe002b7ef73e34fb17ea7de295fa79) Importer(815301076,1909f56bfc062723c751e8b465ee728b)  -> (artifact id: 'f21f3c2cce93bc8484eae807d20ba37e') in 0.026250 seconds
  Import took 0.030053 seconds .

========================================================================
Received Import Request.
  Time since last request: 0.000205 seconds.
  path: Assets/Animation/Controllers/TestTimeline.playable
  artifactKey: Guid(fafb1c576ad346649997599451272aac) Importer(815301076,1909f56bfc062723c751e8b465ee728b)
Start importing Assets/Animation/Controllers/TestTimeline.playable using Guid(fafb1c576ad346649997599451272aac) Importer(815301076,1909f56bfc062723c751e8b465ee728b)  -> (artifact id: '4f6aa2166951f20fd13d80742f5d29e8') in 0.023807 seconds
  Import took 0.028293 seconds .

========================================================================
Received Import Request.
  Time since last request: 0.000204 seconds.
  path: Assets/Animation/Controllers/DialogueText.cs
  artifactKey: Guid(a614e52e467235447b344e4736fa0a14) Importer(815301076,1909f56bfc062723c751e8b465ee728b)
Start importing Assets/Animation/Controllers/DialogueText.cs using Guid(a614e52e467235447b344e4736fa0a14) Importer(815301076,1909f56bfc062723c751e8b465ee728b)  -> (artifact id: '052493b1c6db423db9aed2bd24b4e03b') in 0.006027 seconds
  Import took 0.009958 seconds .

========================================================================
Received Import Request.
  Time since last request: 0.000172 seconds.
  path: Assets/Animation/Controllers/TestTimeline.playable
  artifactKey: Guid(fafb1c576ad346649997599451272aac) Importer(815301076,1909f56bfc062723c751e8b465ee728b)
Start importing Assets/Animation/Controllers/TestTimeline.playable using Guid(fafb1c576ad346649997599451272aac) Importer(815301076,1909f56bfc062723c751e8b465ee728b)  -> (artifact id: '4f6aa2166951f20fd13d80742f5d29e8') in 0.003569 seconds
  Import took 0.007134 seconds .

========================================================================
Received Import Request.
  Time since last request: 87.149264 seconds.
  path: Assets/Animation
  artifactKey: Guid(3a569711bf3ac0b4b8f772f27c5da33e) Importer(815301076,1909f56bfc062723c751e8b465ee728b)
Start importing Assets/Animation using Guid(3a569711bf3ac0b4b8f772f27c5da33e) Importer(815301076,1909f56bfc062723c751e8b465ee728b)  -> (artifact id: '2b669779c7ed6c532955915d2f2b1783') in 0.006626 seconds
  Import took 0.010614 seconds .

========================================================================
Received Import Request.
  Time since last request: 0.000202 seconds.
  path: Assets/Scripts
  artifactKey: Guid(4a40e81e2b9c3a946b6121b32e4b4e67) Importer(815301076,1909f56bfc062723c751e8b465ee728b)
Start importing Assets/Scripts using Guid(4a40e81e2b9c3a946b6121b32e4b4e67) Importer(815301076,1909f56bfc062723c751e8b465ee728b)  -> (artifact id: '7a2c1afffa1284b3ca624a1286c44580') in 0.006180 seconds
  Import took 0.009527 seconds .

========================================================================
Received Import Request.
  Time since last request: 0.000191 seconds.
  path: Assets/TextMesh Pro
  artifactKey: Guid(f54d1bd14bd3ca042bd867b519fee8cc) Importer(815301076,1909f56bfc062723c751e8b465ee728b)
Start importing Assets/TextMesh Pro using Guid(f54d1bd14bd3ca042bd867b519fee8cc) Importer(815301076,1909f56bfc062723c751e8b465ee728b)  -> (artifact id: '4c12d22f865b2c48cf3b001377262a6f') in 0.019471 seconds
  Import took 0.022644 seconds .

========================================================================
Received Import Request.
  Time since last request: 0.000196 seconds.
  path: Assets/Clean Vector Icons
  artifactKey: Guid(391adafb34e2836419d8cb4b73ff6a53) Importer(815301076,1909f56bfc062723c751e8b465ee728b)
Start importing Assets/Clean Vector Icons using Guid(391adafb34e2836419d8cb4b73ff6a53) Importer(815301076,1909f56bfc062723c751e8b465ee728b)  -> (artifact id: 'd306df33c9344a93f5b60f6940a48b3f') in 0.005414 seconds
  Import took 0.030019 seconds .

========================================================================
Received Import Request.
  Time since last request: 0.000163 seconds.
  path: Assets/Scenes
  artifactKey: Guid(90ef59b58fa5a954092adc382cd23b05) Importer(815301076,1909f56bfc062723c751e8b465ee728b)
Start importing Assets/Scenes using Guid(90ef59b58fa5a954092adc382cd23b05) Importer(815301076,1909f56bfc062723c751e8b465ee728b)  -> (artifact id: '2f200555a1bdefa7d337a967b5356aeb') in 0.006318 seconds
  Import took 0.009312 seconds .

========================================================================
Received Import Request.
  Time since last request: 0.000184 seconds.
  path: Assets/Clean Vector Icons
  artifactKey: Guid(391adafb34e2836419d8cb4b73ff6a53) Importer(815301076,1909f56bfc062723c751e8b465ee728b)
Start importing Assets/Clean Vector Icons using Guid(391adafb34e2836419d8cb4b73ff6a53) Importer(815301076,1909f56bfc062723c751e8b465ee728b)  -> (artifact id: 'd306df33c9344a93f5b60f6940a48b3f') in 0.001725 seconds
  Import took 0.004669 seconds .

========================================================================
Received Import Request.
  Time since last request: 0.000137 seconds.
  path: Assets/Prefabs
  artifactKey: Guid(31c666472fccdd441ba6494834603eaf) Importer(815301076,1909f56bfc062723c751e8b465ee728b)
Start importing Assets/Prefabs using Guid(31c666472fccdd441ba6494834603eaf) Importer(815301076,1909f56bfc062723c751e8b465ee728b)  -> (artifact id: '784a6dc40f13d56c489faf681cb3a32e') in 0.006332 seconds
  Import took 0.009877 seconds .

========================================================================
Received Prepare
Reloading mono domain
Begin MonoManager ReloadAssembly
Registering precompiled unity dll's ...
Register platform support module: C:/Program Files/Unity/Hub/Editor/2020.2.0b7/Editor/Data/PlaybackEngines/WindowsStandaloneSupport/UnityEditor.WindowsStandalone.Extensions.dll
Registered in 0.001347 seconds.
Symbol file LoadedFromMemory doesn't match image E:\My Stuff\Games\Summer2021\Library\PackageCache\com.unity.ext.nunit@1.0.0\net35\unity-custom\nunit.framework.dll
Native extension for WindowsStandalone target not found
Refreshing native plugins compatible for Editor in 33.13 ms, found 1 plugins.
Preloading 0 native plugins for Editor in 0.00 ms.
Invoked RoslynAnalysisRunner static constructor.
RoslynAnalysisRunner will not be running.
RoslynAnalysisRunner has terminated.
Mono: successfully reloaded assembly
- Completed reload, in  0.763 seconds
Platform modules already initialized, skipping
Registering precompiled user dll's ...
Registered in 0.000878 seconds.
Begin MonoManager ReloadAssembly
Symbol file LoadedFromMemory doesn't match image E:\My Stuff\Games\Summer2021\Library\PackageCache\com.unity.ext.nunit@1.0.0\net35\unity-custom\nunit.framework.dll
Native extension for WindowsStandalone target not found
Refreshing native plugins compatible for Editor in 0.45 ms, found 1 plugins.
Preloading 0 native plugins for Editor in 0.00 ms.
Invoked RoslynAnalysisRunner static constructor.
RoslynAnalysisRunner will not be running.
RoslynAnalysisRunner has terminated.
Mono: successfully reloaded assembly
- Completed reload, in  0.729 seconds
Platform modules already initialized, skipping
Refreshing native plugins compatible for Editor in 0.30 ms, found 1 plugins.
Preloading 0 native plugins for Editor in 0.00 ms.
Unloading 10 Unused Serialized files (Serialized files now loaded: 0)
System memory in use before: 50.9 MB.
System memory in use after: 51.0 MB.

Unloading 8 unused Assets to reduce memory usage. Loaded Objects now: 2260.
Total: 2.064700 ms (FindLiveObjects: 0.456000 ms CreateObjectMapping: 0.041300 ms MarkObjects: 1.555000 ms  DeleteObjects: 0.011400 ms)

AssetImportWorkerClient::OnTransportError - code=2 error=End of file
